# JRE version: OpenJDK Runtime Environment (8.0_242-b01) (build 1.8.0_242-release-1644-b01)
# Java VM: OpenJDK 64-Bit Server VM (25.242-b01 mixed mode windows-amd64 compressed oops)
Heap:
 PSYoungGen      total 374784K, used 246551K [0x00000000e0000000, 0x0000000100000000, 0x0000000100000000)
  eden space 290816K, 84% used [0x00000000e0000000,0x00000000ef0c5eb0,0x00000000f1c00000)
  from space 83968K, 0% used [0x00000000f1c00000,0x00000000f1c00000,0x00000000f6e00000)
  to   space 122368K, 0% used [0x00000000f8880000,0x00000000f8880000,0x0000000100000000)
 ParOldGen       total 726016K, used 136081K [0x00000000a0000000, 0x00000000cc500000, 0x00000000e0000000)
  object space 726016K, 18% used [0x00000000a0000000,0x00000000a84e4538,0x00000000cc500000)
 Metaspace       used 97782K, capacity 103650K, committed 103960K, reserved 1138688K
  class space    used 13058K, capacity 14281K, committed 14368K, reserved 1048576K
GC Heap History (10 events):
Event: 104.939 GC heap before
{Heap before GC invocations=19 (full 3):
 PSYoungGen      total 431104K, used 431092K [0x00000000e0000000, 0x0000000100000000, 0x0000000100000000)
  eden space 362496K, 100% used [0x00000000e0000000,0x00000000f6200000,0x00000000f6200000)
  from space 68608K, 99% used [0x00000000f6200000,0x00000000fa4fd338,0x00000000fa500000)
  to   space 88576K, 0% used [0x00000000fa980000,0x00000000fa980000,0x0000000100000000)
 ParOldGen       total 497152K, used 96968K [0x00000000a0000000, 0x00000000be580000, 0x00000000e0000000)
  object space 497152K, 19% used [0x00000000a0000000,0x00000000a5eb2390,0x00000000be580000)
 Metaspace       used 89319K, capacity 94304K, committed 94488K, reserved 1130496K
  class space    used 11608K, capacity 12550K, committed 12576K, reserved 1048576K
Event: 104.963 GC heap after
Heap after GC invocations=19 (full 3):
 PSYoungGen      total 412160K, used 84101K [0x00000000e0000000, 0x0000000100000000, 0x0000000100000000)
  eden space 323584K, 0% used [0x00000000e0000000,0x00000000e0000000,0x00000000f3c00000)
  from space 88576K, 94% used [0x00000000fa980000,0x00000000ffba1510,0x0000000100000000)
  to   space 100352K, 0% used [0x00000000f3c00000,0x00000000f3c00000,0x00000000f9e00000)
 ParOldGen       total 497152K, used 96976K [0x00000000a0000000, 0x00000000be580000, 0x00000000e0000000)
  object space 497152K, 19% used [0x00000000a0000000,0x00000000a5eb4390,0x00000000be580000)
 Metaspace       used 89319K, capacity 94304K, committed 94488K, reserved 1130496K
  class space    used 11608K, capacity 12550K, committed 12576K, reserved 1048576K
}
Event: 105.489 GC heap before
{Heap before GC invocations=20 (full 3):
 PSYoungGen      total 412160K, used 407685K [0x00000000e0000000, 0x0000000100000000, 0x0000000100000000)
  eden space 323584K, 100% used [0x00000000e0000000,0x00000000f3c00000,0x00000000f3c00000)
  from space 88576K, 94% used [0x00000000fa980000,0x00000000ffba1510,0x0000000100000000)
  to   space 100352K, 0% used [0x00000000f3c00000,0x00000000f3c00000,0x00000000f9e00000)
 ParOldGen       total 497152K, used 96976K [0x00000000a0000000, 0x00000000be580000, 0x00000000e0000000)
  object space 497152K, 19% used [0x00000000a0000000,0x00000000a5eb4390,0x00000000be580000)
 Metaspace       used 91949K, capacity 96902K, committed 97176K, reserved 1134592K
  class space    used 11886K, capacity 12839K, committed 12960K, reserved 1048576K
Event: 105.510 GC heap after
Heap after GC invocations=20 (full 3):
 PSYoungGen      total 415744K, used 92065K [0x00000000e0000000, 0x0000000100000000, 0x0000000100000000)
  eden space 323584K, 0% used [0x00000000e0000000,0x00000000e0000000,0x00000000f3c00000)
  from space 92160K, 99% used [0x00000000f3c00000,0x00000000f95e86d8,0x00000000f9600000)
  to   space 108544K, 0% used [0x00000000f9600000,0x00000000f9600000,0x0000000100000000)
 ParOldGen       total 497152K, used 96984K [0x00000000a0000000, 0x00000000be580000, 0x00000000e0000000)
  object space 497152K, 19% used [0x00000000a0000000,0x00000000a5eb6390,0x00000000be580000)
 Metaspace       used 91949K, capacity 96902K, committed 97176K, reserved 1134592K
  class space    used 11886K, capacity 12839K, committed 12960K, reserved 1048576K
}
Event: 107.926 GC heap before
{Heap before GC invocations=21 (full 3):
 PSYoungGen      total 415744K, used 415649K [0x00000000e0000000, 0x0000000100000000, 0x0000000100000000)
  eden space 323584K, 100% used [0x00000000e0000000,0x00000000f3c00000,0x00000000f3c00000)
  from space 92160K, 99% used [0x00000000f3c00000,0x00000000f95e86d8,0x00000000f9600000)
  to   space 108544K, 0% used [0x00000000f9600000,0x00000000f9600000,0x0000000100000000)
 ParOldGen       total 497152K, used 96984K [0x00000000a0000000, 0x00000000be580000, 0x00000000e0000000)
  object space 497152K, 19% used [0x00000000a0000000,0x00000000a5eb6390,0x00000000be580000)
 Metaspace       used 92649K, capacity 97660K, committed 97944K, reserved 1134592K
  class space    used 11943K, capacity 12914K, committed 12960K, reserved 1048576K
Event: 107.944 GC heap after
Heap after GC invocations=21 (full 3):
 PSYoungGen      total 399360K, used 76188K [0x00000000e0000000, 0x0000000100000000, 0x0000000100000000)
  eden space 290816K, 0% used [0x00000000e0000000,0x00000000e0000000,0x00000000f1c00000)
  from space 108544K, 70% used [0x00000000f9600000,0x00000000fe0671b8,0x0000000100000000)
  to   space 116736K, 0% used [0x00000000f1c00000,0x00000000f1c00000,0x00000000f8e00000)
 ParOldGen       total 497152K, used 96992K [0x00000000a0000000, 0x00000000be580000, 0x00000000e0000000)
  object space 497152K, 19% used [0x00000000a0000000,0x00000000a5eb8390,0x00000000be580000)
 Metaspace       used 92649K, capacity 97660K, committed 97944K, reserved 1134592K
  class space    used 11943K, capacity 12914K, committed 12960K, reserved 1048576K
}
Event: 108.148 GC heap before
{Heap before GC invocations=22 (full 3):
 PSYoungGen      total 399360K, used 212982K [0x00000000e0000000, 0x0000000100000000, 0x0000000100000000)
  eden space 290816K, 47% used [0x00000000e0000000,0x00000000e85966d8,0x00000000f1c00000)
  from space 108544K, 70% used [0x00000000f9600000,0x00000000fe0671b8,0x0000000100000000)
  to   space 116736K, 0% used [0x00000000f1c00000,0x00000000f1c00000,0x00000000f8e00000)
 ParOldGen       total 497152K, used 96992K [0x00000000a0000000, 0x00000000be580000, 0x00000000e0000000)
  object space 497152K, 19% used [0x00000000a0000000,0x00000000a5eb8390,0x00000000be580000)
 Metaspace       used 93398K, capacity 98532K, committed 98584K, reserved 1134592K
  class space    used 12065K, capacity 13046K, committed 13088K, reserved 1048576K
Event: 108.167 GC heap after
Heap after GC invocations=22 (full 3):
 PSYoungGen      total 374784K, used 83892K [0x00000000e0000000, 0x0000000100000000, 0x0000000100000000)
  eden space 290816K, 0% used [0x00000000e0000000,0x00000000e0000000,0x00000000f1c00000)
  from space 83968K, 99% used [0x00000000f1c00000,0x00000000f6ded2c0,0x00000000f6e00000)
  to   space 122368K, 0% used [0x00000000f8880000,0x00000000f8880000,0x0000000100000000)
 ParOldGen       total 497152K, used 97000K [0x00000000a0000000, 0x00000000be580000, 0x00000000e0000000)
  object space 497152K, 19% used [0x00000000a0000000,0x00000000a5eba390,0x00000000be580000)
 Metaspace       used 93398K, capacity 98532K, committed 98584K, reserved 1134592K
  class space    used 12065K, capacity 13046K, committed 13088K, reserved 1048576K
}
Event: 108.167 GC heap before
{Heap before GC invocations=23 (full 4):
 PSYoungGen      total 374784K, used 83892K [0x00000000e0000000, 0x0000000100000000, 0x0000000100000000)
  eden space 290816K, 0% used [0x00000000e0000000,0x00000000e0000000,0x00000000f1c00000)
  from space 83968K, 99% used [0x00000000f1c00000,0x00000000f6ded2c0,0x00000000f6e00000)
  to   space 122368K, 0% used [0x00000000f8880000,0x00000000f8880000,0x0000000100000000)
 ParOldGen       total 497152K, used 97000K [0x00000000a0000000, 0x00000000be580000, 0x00000000e0000000)
  object space 497152K, 19% used [0x00000000a0000000,0x00000000a5eba390,0x00000000be580000)
 Metaspace       used 93398K, capacity 98532K, committed 98584K, reserved 1134592K
  class space    used 12065K, capacity 13046K, committed 13088K, reserved 1048576K
Event: 108.432 GC heap after
Heap after GC invocations=23 (full 4):
 PSYoungGen      total 374784K, used 0K [0x00000000e0000000, 0x0000000100000000, 0x0000000100000000)
  eden space 290816K, 0% used [0x00000000e0000000,0x00000000e0000000,0x00000000f1c00000)
  from space 83968K, 0% used [0x00000000f1c00000,0x00000000f1c00000,0x00000000f6e00000)
  to   space 122368K, 0% used [0x00000000f8880000,0x00000000f8880000,0x0000000100000000)
 ParOldGen       total 726016K, used 136081K [0x00000000a0000000, 0x00000000cc500000, 0x00000000e0000000)
  object space 726016K, 18% used [0x00000000a0000000,0x00000000a84e4538,0x00000000cc500000)
 Metaspace       used 89871K, capacity 93794K, committed 98584K, reserved 1134592K
  class space    used 11642K, capacity 12457K, committed 13088K, reserved 1048576K
}

