# JRE version: OpenJDK Runtime Environment (8.0_242-b01) (build 1.8.0_242-release-1644-b01)
# Java VM: OpenJDK 64-Bit Server VM (25.242-b01 mixed mode windows-amd64 compressed oops)
Heap:
 PSYoungGen      total 421376K, used 149901K [0x00000000e0000000, 0x00000000ff680000, 0x0000000100000000)
  eden space 328704K, 39% used [0x00000000e0000000,0x00000000e7f0dcc0,0x00000000f4100000)
  from space 92672K, 21% used [0x00000000f4100000,0x00000000f5455960,0x00000000f9b80000)
  to   space 87040K, 0% used [0x00000000fa180000,0x00000000fa180000,0x00000000ff680000)
 ParOldGen       total 760320K, used 252662K [0x00000000a0000000, 0x00000000ce680000, 0x00000000e0000000)
  object space 760320K, 33% used [0x00000000a0000000,0x00000000af6bd820,0x00000000ce680000)
 Metaspace       used 102906K, capacity 110084K, committed 110232K, reserved 1144832K
  class space    used 13716K, capacity 15235K, committed 15264K, reserved 1048576K
GC Heap History (10 events):
Event: 44.685 GC heap before
{Heap before GC invocations=33 (full 4):
 PSYoungGen      total 415744K, used 320640K [0x00000000e0000000, 0x00000000ffb00000, 0x0000000100000000)
  eden space 313344K, 100% used [0x00000000e0000000,0x00000000f3200000,0x00000000f3200000)
  from space 102400K, 7% used [0x00000000f9700000,0x00000000f9e20020,0x00000000ffb00000)
  to   space 102912K, 0% used [0x00000000f3200000,0x00000000f3200000,0x00000000f9680000)
 ParOldGen       total 760320K, used 243061K [0x00000000a0000000, 0x00000000ce680000, 0x00000000e0000000)
  object space 760320K, 31% used [0x00000000a0000000,0x00000000aed5d668,0x00000000ce680000)
 Metaspace       used 99947K, capacity 106624K, committed 106776K, reserved 1140736K
  class space    used 13382K, capacity 14781K, committed 14880K, reserved 1048576K
Event: 44.691 GC heap after
Heap after GC invocations=33 (full 4):
 PSYoungGen      total 416256K, used 6176K [0x00000000e0000000, 0x00000000ffd80000, 0x0000000100000000)
  eden space 313344K, 0% used [0x00000000e0000000,0x00000000e0000000,0x00000000f3200000)
  from space 102912K, 6% used [0x00000000f3200000,0x00000000f3808020,0x00000000f9680000)
  to   space 101376K, 0% used [0x00000000f9a80000,0x00000000f9a80000,0x00000000ffd80000)
 ParOldGen       total 760320K, used 249673K [0x00000000a0000000, 0x00000000ce680000, 0x00000000e0000000)
  object space 760320K, 32% used [0x00000000a0000000,0x00000000af3d27f0,0x00000000ce680000)
 Metaspace       used 99947K, capacity 106624K, committed 106776K, reserved 1140736K
  class space    used 13382K, capacity 14781K, committed 14880K, reserved 1048576K
}
Event: 44.929 GC heap before
{Heap before GC invocations=34 (full 4):
 PSYoungGen      total 416256K, used 319520K [0x00000000e0000000, 0x00000000ffd80000, 0x0000000100000000)
  eden space 313344K, 100% used [0x00000000e0000000,0x00000000f3200000,0x00000000f3200000)
  from space 102912K, 6% used [0x00000000f3200000,0x00000000f3808020,0x00000000f9680000)
  to   space 101376K, 0% used [0x00000000f9a80000,0x00000000f9a80000,0x00000000ffd80000)
 ParOldGen       total 760320K, used 249673K [0x00000000a0000000, 0x00000000ce680000, 0x00000000e0000000)
  object space 760320K, 32% used [0x00000000a0000000,0x00000000af3d27f0,0x00000000ce680000)
 Metaspace       used 100379K, capacity 107028K, committed 107288K, reserved 1142784K
  class space    used 13386K, capacity 14781K, committed 14880K, reserved 1048576K
Event: 44.934 GC heap after
Heap after GC invocations=34 (full 4):
 PSYoungGen      total 418304K, used 5568K [0x00000000e0000000, 0x00000000ffa80000, 0x0000000100000000)
  eden space 320000K, 0% used [0x00000000e0000000,0x00000000e0000000,0x00000000f3880000)
  from space 98304K, 5% used [0x00000000f9a80000,0x00000000f9ff0020,0x00000000ffa80000)
  to   space 99328K, 0% used [0x00000000f3880000,0x00000000f3880000,0x00000000f9980000)
 ParOldGen       total 760320K, used 252638K [0x00000000a0000000, 0x00000000ce680000, 0x00000000e0000000)
  object space 760320K, 33% used [0x00000000a0000000,0x00000000af6b7820,0x00000000ce680000)
 Metaspace       used 100379K, capacity 107028K, committed 107288K, reserved 1142784K
  class space    used 13386K, capacity 14781K, committed 14880K, reserved 1048576K
}
Event: 45.258 GC heap before
{Heap before GC invocations=35 (full 4):
 PSYoungGen      total 418304K, used 325568K [0x00000000e0000000, 0x00000000ffa80000, 0x0000000100000000)
  eden space 320000K, 100% used [0x00000000e0000000,0x00000000f3880000,0x00000000f3880000)
  from space 98304K, 5% used [0x00000000f9a80000,0x00000000f9ff0020,0x00000000ffa80000)
  to   space 99328K, 0% used [0x00000000f3880000,0x00000000f3880000,0x00000000f9980000)
 ParOldGen       total 760320K, used 252638K [0x00000000a0000000, 0x00000000ce680000, 0x00000000e0000000)
  object space 760320K, 33% used [0x00000000a0000000,0x00000000af6b7820,0x00000000ce680000)
 Metaspace       used 100533K, capacity 107186K, committed 107544K, reserved 1142784K
  class space    used 13391K, capacity 14784K, committed 14880K, reserved 1048576K
Event: 45.263 GC heap after
Heap after GC invocations=35 (full 4):
 PSYoungGen      total 419328K, used 5024K [0x00000000e0000000, 0x00000000ffb00000, 0x0000000100000000)
  eden space 320000K, 0% used [0x00000000e0000000,0x00000000e0000000,0x00000000f3880000)
  from space 99328K, 5% used [0x00000000f3880000,0x00000000f3d68010,0x00000000f9980000)
  to   space 96256K, 0% used [0x00000000f9d00000,0x00000000f9d00000,0x00000000ffb00000)
 ParOldGen       total 760320K, used 252646K [0x00000000a0000000, 0x00000000ce680000, 0x00000000e0000000)
  object space 760320K, 33% used [0x00000000a0000000,0x00000000af6b9820,0x00000000ce680000)
 Metaspace       used 100533K, capacity 107186K, committed 107544K, reserved 1142784K
  class space    used 13391K, capacity 14784K, committed 14880K, reserved 1048576K
}
Event: 45.805 GC heap before
{Heap before GC invocations=36 (full 4):
 PSYoungGen      total 419328K, used 325024K [0x00000000e0000000, 0x00000000ffb00000, 0x0000000100000000)
  eden space 320000K, 100% used [0x00000000e0000000,0x00000000f3880000,0x00000000f3880000)
  from space 99328K, 5% used [0x00000000f3880000,0x00000000f3d68010,0x00000000f9980000)
  to   space 96256K, 0% used [0x00000000f9d00000,0x00000000f9d00000,0x00000000ffb00000)
 ParOldGen       total 760320K, used 252646K [0x00000000a0000000, 0x00000000ce680000, 0x00000000e0000000)
  object space 760320K, 33% used [0x00000000a0000000,0x00000000af6b9820,0x00000000ce680000)
 Metaspace       used 100761K, capacity 107370K, committed 107544K, reserved 1142784K
  class space    used 13418K, capacity 14792K, committed 14880K, reserved 1048576K
Event: 45.812 GC heap after
Heap after GC invocations=36 (full 4):
 PSYoungGen      total 419840K, used 9584K [0x00000000e0000000, 0x00000000ff600000, 0x0000000100000000)
  eden space 328704K, 0% used [0x00000000e0000000,0x00000000e0000000,0x00000000f4100000)
  from space 91136K, 10% used [0x00000000f9d00000,0x00000000fa65c148,0x00000000ff600000)
  to   space 92672K, 0% used [0x00000000f4100000,0x00000000f4100000,0x00000000f9b80000)
 ParOldGen       total 760320K, used 252654K [0x00000000a0000000, 0x00000000ce680000, 0x00000000e0000000)
  object space 760320K, 33% used [0x00000000a0000000,0x00000000af6bb820,0x00000000ce680000)
 Metaspace       used 100761K, capacity 107370K, committed 107544K, reserved 1142784K
  class space    used 13418K, capacity 14792K, committed 14880K, reserved 1048576K
}
Event: 46.953 GC heap before
{Heap before GC invocations=37 (full 4):
 PSYoungGen      total 419840K, used 336147K [0x00000000e0000000, 0x00000000ff600000, 0x0000000100000000)
  eden space 328704K, 99% used [0x00000000e0000000,0x00000000f3ee8af8,0x00000000f4100000)
  from space 91136K, 10% used [0x00000000f9d00000,0x00000000fa65c148,0x00000000ff600000)
  to   space 92672K, 0% used [0x00000000f4100000,0x00000000f4100000,0x00000000f9b80000)
 ParOldGen       total 760320K, used 252654K [0x00000000a0000000, 0x00000000ce680000, 0x00000000e0000000)
  object space 760320K, 33% used [0x00000000a0000000,0x00000000af6bb820,0x00000000ce680000)
 Metaspace       used 102659K, capacity 109878K, committed 109976K, reserved 1144832K
  class space    used 13682K, capacity 15196K, committed 15264K, reserved 1048576K
Event: 46.959 GC heap after
Heap after GC invocations=37 (full 4):
 PSYoungGen      total 421376K, used 19798K [0x00000000e0000000, 0x00000000ff680000, 0x0000000100000000)
  eden space 328704K, 0% used [0x00000000e0000000,0x00000000e0000000,0x00000000f4100000)
  from space 92672K, 21% used [0x00000000f4100000,0x00000000f5455960,0x00000000f9b80000)
  to   space 87040K, 0% used [0x00000000fa180000,0x00000000fa180000,0x00000000ff680000)
 ParOldGen       total 760320K, used 252662K [0x00000000a0000000, 0x00000000ce680000, 0x00000000e0000000)
  object space 760320K, 33% used [0x00000000a0000000,0x00000000af6bd820,0x00000000ce680000)
 Metaspace       used 102659K, capacity 109878K, committed 109976K, reserved 1144832K
  class space    used 13682K, capacity 15196K, committed 15264K, reserved 1048576K
}

