# JRE version: OpenJDK Runtime Environment (8.0_242-b01) (build 1.8.0_242-release-1644-b01)
# Java VM: OpenJDK 64-Bit Server VM (25.242-b01 mixed mode windows-amd64 compressed oops)
Heap:
 PSYoungGen      total 376320K, used 123048K [0x00000000e0000000, 0x00000000fed00000, 0x0000000100000000)
  eden space 243712K, 46% used [0x00000000e0000000,0x00000000e6f11818,0x00000000eee00000)
  from space 132608K, 7% used [0x00000000f6b80000,0x00000000f74d88d0,0x00000000fed00000)
  to   space 128512K, 0% used [0x00000000eee00000,0x00000000eee00000,0x00000000f6b80000)
 ParOldGen       total 1048576K, used 692288K [0x00000000a0000000, 0x00000000e0000000, 0x00000000e0000000)
  object space 1048576K, 66% used [0x00000000a0000000,0x00000000ca410098,0x00000000e0000000)
 Metaspace       used 130154K, capacity 139470K, committed 158616K, reserved 1187840K
  class space    used 15734K, capacity 17331K, committed 19888K, reserved 1048576K
GC Heap History (10 events):
Event: 26634.203 GC heap before
{Heap before GC invocations=502 (full 12):
 PSYoungGen      total 346624K, used 188944K [0x00000000e0000000, 0x00000000ff000000, 0x0000000100000000)
  eden space 181248K, 100% used [0x00000000e0000000,0x00000000eb100000,0x00000000eb100000)
  from space 165376K, 4% used [0x00000000eb100000,0x00000000eb8841b0,0x00000000f5280000)
  to   space 160256K, 0% used [0x00000000f5380000,0x00000000f5380000,0x00000000ff000000)
 ParOldGen       total 1048576K, used 663900K [0x00000000a0000000, 0x00000000e0000000, 0x00000000e0000000)
  object space 1048576K, 63% used [0x00000000a0000000,0x00000000c8857330,0x00000000e0000000)
 Metaspace       used 130021K, capacity 139264K, committed 158616K, reserved 1187840K
  class space    used 15717K, capacity 17314K, committed 19888K, reserved 1048576K
Event: 26634.217 GC heap after
Heap after GC invocations=502 (full 12):
 PSYoungGen      total 352768K, used 8694K [0x00000000e0000000, 0x00000000fef00000, 0x0000000100000000)
  eden space 193536K, 0% used [0x00000000e0000000,0x00000000e0000000,0x00000000ebd00000)
  from space 159232K, 5% used [0x00000000f5380000,0x00000000f5bfd808,0x00000000fef00000)
  to   space 154112K, 0% used [0x00000000ebd00000,0x00000000ebd00000,0x00000000f5380000)
 ParOldGen       total 1048576K, used 670854K [0x00000000a0000000, 0x00000000e0000000, 0x00000000e0000000)
  object space 1048576K, 63% used [0x00000000a0000000,0x00000000c8f21940,0x00000000e0000000)
 Metaspace       used 130021K, capacity 139264K, committed 158616K, reserved 1187840K
  class space    used 15717K, capacity 17314K, committed 19888K, reserved 1048576K
}
Event: 26634.337 GC heap before
{Heap before GC invocations=503 (full 12):
 PSYoungGen      total 352768K, used 202230K [0x00000000e0000000, 0x00000000fef00000, 0x0000000100000000)
  eden space 193536K, 100% used [0x00000000e0000000,0x00000000ebd00000,0x00000000ebd00000)
  from space 159232K, 5% used [0x00000000f5380000,0x00000000f5bfd808,0x00000000fef00000)
  to   space 154112K, 0% used [0x00000000ebd00000,0x00000000ebd00000,0x00000000f5380000)
 ParOldGen       total 1048576K, used 670854K [0x00000000a0000000, 0x00000000e0000000, 0x00000000e0000000)
  object space 1048576K, 63% used [0x00000000a0000000,0x00000000c8f21940,0x00000000e0000000)
 Metaspace       used 130030K, capacity 139268K, committed 158616K, reserved 1187840K
  class space    used 15718K, capacity 17314K, committed 19888K, reserved 1048576K
Event: 26634.351 GC heap after
Heap after GC invocations=503 (full 12):
 PSYoungGen      total 347648K, used 7490K [0x00000000e0000000, 0x00000000fef00000, 0x0000000100000000)
  eden space 193536K, 0% used [0x00000000e0000000,0x00000000e0000000,0x00000000ebd00000)
  from space 154112K, 4% used [0x00000000ebd00000,0x00000000ec450b08,0x00000000f5380000)
  to   space 147968K, 0% used [0x00000000f5e80000,0x00000000f5e80000,0x00000000fef00000)
 ParOldGen       total 1048576K, used 678553K [0x00000000a0000000, 0x00000000e0000000, 0x00000000e0000000)
  object space 1048576K, 64% used [0x00000000a0000000,0x00000000c96a65f8,0x00000000e0000000)
 Metaspace       used 130030K, capacity 139268K, committed 158616K, reserved 1187840K
  class space    used 15718K, capacity 17314K, committed 19888K, reserved 1048576K
}
Event: 26634.457 GC heap before
{Heap before GC invocations=504 (full 12):
 PSYoungGen      total 347648K, used 200849K [0x00000000e0000000, 0x00000000fef00000, 0x0000000100000000)
  eden space 193536K, 99% used [0x00000000e0000000,0x00000000ebcd3b60,0x00000000ebd00000)
  from space 154112K, 4% used [0x00000000ebd00000,0x00000000ec450b08,0x00000000f5380000)
  to   space 147968K, 0% used [0x00000000f5e80000,0x00000000f5e80000,0x00000000fef00000)
 ParOldGen       total 1048576K, used 678553K [0x00000000a0000000, 0x00000000e0000000, 0x00000000e0000000)
  object space 1048576K, 64% used [0x00000000a0000000,0x00000000c96a65f8,0x00000000e0000000)
 Metaspace       used 130066K, capacity 139364K, committed 158616K, reserved 1187840K
  class space    used 15722K, capacity 17320K, committed 19888K, reserved 1048576K
Event: 26634.465 GC heap after
Heap after GC invocations=504 (full 12):
 PSYoungGen      total 363520K, used 7517K [0x00000000e0000000, 0x00000000fed00000, 0x0000000100000000)
  eden space 217600K, 0% used [0x00000000e0000000,0x00000000e0000000,0x00000000ed480000)
  from space 145920K, 5% used [0x00000000f5e80000,0x00000000f65d76b8,0x00000000fed00000)
  to   space 141312K, 0% used [0x00000000ed480000,0x00000000ed480000,0x00000000f5e80000)
 ParOldGen       total 1048576K, used 684469K [0x00000000a0000000, 0x00000000e0000000, 0x00000000e0000000)
  object space 1048576K, 65% used [0x00000000a0000000,0x00000000c9c6d6e8,0x00000000e0000000)
 Metaspace       used 130066K, capacity 139364K, committed 158616K, reserved 1187840K
  class space    used 15722K, capacity 17320K, committed 19888K, reserved 1048576K
}
Event: 26634.573 GC heap before
{Heap before GC invocations=505 (full 12):
 PSYoungGen      total 363520K, used 225117K [0x00000000e0000000, 0x00000000fed00000, 0x0000000100000000)
  eden space 217600K, 100% used [0x00000000e0000000,0x00000000ed480000,0x00000000ed480000)
  from space 145920K, 5% used [0x00000000f5e80000,0x00000000f65d76b8,0x00000000fed00000)
  to   space 141312K, 0% used [0x00000000ed480000,0x00000000ed480000,0x00000000f5e80000)
 ParOldGen       total 1048576K, used 684469K [0x00000000a0000000, 0x00000000e0000000, 0x00000000e0000000)
  object space 1048576K, 65% used [0x00000000a0000000,0x00000000c9c6d6e8,0x00000000e0000000)
 Metaspace       used 130066K, capacity 139364K, committed 158616K, reserved 1187840K
  class space    used 15722K, capacity 17320K, committed 19888K, reserved 1048576K
Event: 26634.581 GC heap after
Heap after GC invocations=505 (full 12):
 PSYoungGen      total 358912K, used 4609K [0x00000000e0000000, 0x00000000fef80000, 0x0000000100000000)
  eden space 217600K, 0% used [0x00000000e0000000,0x00000000e0000000,0x00000000ed480000)
  from space 141312K, 3% used [0x00000000ed480000,0x00000000ed900770,0x00000000f5e80000)
  to   space 135168K, 0% used [0x00000000f6b80000,0x00000000f6b80000,0x00000000fef80000)
 ParOldGen       total 1048576K, used 688265K [0x00000000a0000000, 0x00000000e0000000, 0x00000000e0000000)
  object space 1048576K, 65% used [0x00000000a0000000,0x00000000ca022788,0x00000000e0000000)
 Metaspace       used 130066K, capacity 139364K, committed 158616K, reserved 1187840K
  class space    used 15722K, capacity 17320K, committed 19888K, reserved 1048576K
}
Event: 26634.760 GC heap before
{Heap before GC invocations=506 (full 12):
 PSYoungGen      total 358912K, used 222209K [0x00000000e0000000, 0x00000000fef80000, 0x0000000100000000)
  eden space 217600K, 100% used [0x00000000e0000000,0x00000000ed480000,0x00000000ed480000)
  from space 141312K, 3% used [0x00000000ed480000,0x00000000ed900770,0x00000000f5e80000)
  to   space 135168K, 0% used [0x00000000f6b80000,0x00000000f6b80000,0x00000000fef80000)
 ParOldGen       total 1048576K, used 688265K [0x00000000a0000000, 0x00000000e0000000, 0x00000000e0000000)
  object space 1048576K, 65% used [0x00000000a0000000,0x00000000ca022788,0x00000000e0000000)
 Metaspace       used 130154K, capacity 139470K, committed 158616K, reserved 1187840K
  class space    used 15734K, capacity 17331K, committed 19888K, reserved 1048576K
Event: 26634.770 GC heap after
Heap after GC invocations=506 (full 12):
 PSYoungGen      total 376320K, used 9570K [0x00000000e0000000, 0x00000000fed00000, 0x0000000100000000)
  eden space 243712K, 0% used [0x00000000e0000000,0x00000000e0000000,0x00000000eee00000)
  from space 132608K, 7% used [0x00000000f6b80000,0x00000000f74d88d0,0x00000000fed00000)
  to   space 128512K, 0% used [0x00000000eee00000,0x00000000eee00000,0x00000000f6b80000)
 ParOldGen       total 1048576K, used 692288K [0x00000000a0000000, 0x00000000e0000000, 0x00000000e0000000)
  object space 1048576K, 66% used [0x00000000a0000000,0x00000000ca410098,0x00000000e0000000)
 Metaspace       used 130154K, capacity 139470K, committed 158616K, reserved 1187840K
  class space    used 15734K, capacity 17331K, committed 19888K, reserved 1048576K
}

