# JRE version: OpenJDK Runtime Environment (8.0_242-b01) (build 1.8.0_242-release-1644-b01)
# Java VM: OpenJDK 64-Bit Server VM (25.242-b01 mixed mode windows-amd64 compressed oops)
Heap:
 PSYoungGen      total 414208K, used 306335K [0x00000000e0000000, 0x0000000100000000, 0x0000000100000000)
  eden space 302080K, 94% used [0x00000000e0000000,0x00000000f166a0d8,0x00000000f2700000)
  from space 112128K, 18% used [0x00000000f9280000,0x00000000fa73de40,0x0000000100000000)
  to   space 110080K, 0% used [0x00000000f2700000,0x00000000f2700000,0x00000000f9280000)
 ParOldGen       total 770048K, used 125900K [0x00000000a0000000, 0x00000000cf000000, 0x00000000e0000000)
  object space 770048K, 16% used [0x00000000a0000000,0x00000000a7af3358,0x00000000cf000000)
 Metaspace       used 95532K, capacity 99444K, committed 101528K, reserved 1136640K
  class space    used 12194K, capacity 13042K, committed 13472K, reserved 1048576K
GC Heap History (10 events):
Event: 10.445 GC heap before
{Heap before GC invocations=16 (full 3):
 PSYoungGen      total 438272K, used 434707K [0x00000000e0000000, 0x0000000100000000, 0x0000000100000000)
  eden space 370688K, 100% used [0x00000000e0000000,0x00000000f6a00000,0x00000000f6a00000)
  from space 67584K, 94% used [0x00000000fbe00000,0x00000000ffc84cc8,0x0000000100000000)
  to   space 76800K, 0% used [0x00000000f6a00000,0x00000000f6a00000,0x00000000fb500000)
 ParOldGen       total 504320K, used 90335K [0x00000000a0000000, 0x00000000bec80000, 0x00000000e0000000)
  object space 504320K, 17% used [0x00000000a0000000,0x00000000a5837d78,0x00000000bec80000)
 Metaspace       used 83910K, capacity 88728K, committed 88984K, reserved 1126400K
  class space    used 11227K, capacity 12172K, committed 12192K, reserved 1048576K
Event: 10.471 GC heap after
Heap after GC invocations=16 (full 3):
 PSYoungGen      total 447488K, used 76779K [0x00000000e0000000, 0x0000000100000000, 0x0000000100000000)
  eden space 370688K, 0% used [0x00000000e0000000,0x00000000e0000000,0x00000000f6a00000)
  from space 76800K, 99% used [0x00000000f6a00000,0x00000000fb4fac08,0x00000000fb500000)
  to   space 76800K, 0% used [0x00000000fb500000,0x00000000fb500000,0x0000000100000000)
 ParOldGen       total 504320K, used 108219K [0x00000000a0000000, 0x00000000bec80000, 0x00000000e0000000)
  object space 504320K, 21% used [0x00000000a0000000,0x00000000a69aec80,0x00000000bec80000)
 Metaspace       used 83910K, capacity 88728K, committed 88984K, reserved 1126400K
  class space    used 11227K, capacity 12172K, committed 12192K, reserved 1048576K
}
Event: 23.180 GC heap before
{Heap before GC invocations=17 (full 3):
 PSYoungGen      total 447488K, used 447467K [0x00000000e0000000, 0x0000000100000000, 0x0000000100000000)
  eden space 370688K, 100% used [0x00000000e0000000,0x00000000f6a00000,0x00000000f6a00000)
  from space 76800K, 99% used [0x00000000f6a00000,0x00000000fb4fac08,0x00000000fb500000)
  to   space 76800K, 0% used [0x00000000fb500000,0x00000000fb500000,0x0000000100000000)
 ParOldGen       total 504320K, used 108219K [0x00000000a0000000, 0x00000000bec80000, 0x00000000e0000000)
  object space 504320K, 21% used [0x00000000a0000000,0x00000000a69aec80,0x00000000bec80000)
 Metaspace       used 87779K, capacity 92684K, committed 92824K, reserved 1130496K
  class space    used 11722K, capacity 12673K, committed 12704K, reserved 1048576K
Event: 23.206 GC heap after
Heap after GC invocations=17 (full 3):
 PSYoungGen      total 386048K, used 76774K [0x00000000e0000000, 0x0000000100000000, 0x0000000100000000)
  eden space 309248K, 0% used [0x00000000e0000000,0x00000000e0000000,0x00000000f2e00000)
  from space 76800K, 99% used [0x00000000fb500000,0x00000000ffff9890,0x0000000100000000)
  to   space 107520K, 0% used [0x00000000f2e00000,0x00000000f2e00000,0x00000000f9700000)
 ParOldGen       total 504320K, used 117906K [0x00000000a0000000, 0x00000000bec80000, 0x00000000e0000000)
  object space 504320K, 23% used [0x00000000a0000000,0x00000000a7324bd0,0x00000000bec80000)
 Metaspace       used 87779K, capacity 92684K, committed 92824K, reserved 1130496K
  class space    used 11722K, capacity 12673K, committed 12704K, reserved 1048576K
}
Event: 23.904 GC heap before
{Heap before GC invocations=18 (full 3):
 PSYoungGen      total 386048K, used 276107K [0x00000000e0000000, 0x0000000100000000, 0x0000000100000000)
  eden space 309248K, 64% used [0x00000000e0000000,0x00000000ec2a95e0,0x00000000f2e00000)
  from space 76800K, 99% used [0x00000000fb500000,0x00000000ffff9890,0x0000000100000000)
  to   space 107520K, 0% used [0x00000000f2e00000,0x00000000f2e00000,0x00000000f9700000)
 ParOldGen       total 504320K, used 117906K [0x00000000a0000000, 0x00000000bec80000, 0x00000000e0000000)
  object space 504320K, 23% used [0x00000000a0000000,0x00000000a7324bd0,0x00000000bec80000)
 Metaspace       used 93465K, capacity 98474K, committed 98584K, reserved 1134592K
  class space    used 12244K, capacity 13251K, committed 13344K, reserved 1048576K
Event: 23.926 GC heap after
Heap after GC invocations=18 (full 3):
 PSYoungGen      total 382976K, used 73458K [0x00000000e0000000, 0x0000000100000000, 0x0000000100000000)
  eden space 309248K, 0% used [0x00000000e0000000,0x00000000e0000000,0x00000000f2e00000)
  from space 73728K, 99% used [0x00000000f2e00000,0x00000000f75bcba0,0x00000000f7600000)
  to   space 112128K, 0% used [0x00000000f9280000,0x00000000f9280000,0x0000000100000000)
 ParOldGen       total 504320K, used 132001K [0x00000000a0000000, 0x00000000bec80000, 0x00000000e0000000)
  object space 504320K, 26% used [0x00000000a0000000,0x00000000a80e85e0,0x00000000bec80000)
 Metaspace       used 93465K, capacity 98474K, committed 98584K, reserved 1134592K
  class space    used 12244K, capacity 13251K, committed 13344K, reserved 1048576K
}
Event: 23.926 GC heap before
{Heap before GC invocations=19 (full 4):
 PSYoungGen      total 382976K, used 73458K [0x00000000e0000000, 0x0000000100000000, 0x0000000100000000)
  eden space 309248K, 0% used [0x00000000e0000000,0x00000000e0000000,0x00000000f2e00000)
  from space 73728K, 99% used [0x00000000f2e00000,0x00000000f75bcba0,0x00000000f7600000)
  to   space 112128K, 0% used [0x00000000f9280000,0x00000000f9280000,0x0000000100000000)
 ParOldGen       total 504320K, used 132001K [0x00000000a0000000, 0x00000000bec80000, 0x00000000e0000000)
  object space 504320K, 26% used [0x00000000a0000000,0x00000000a80e85e0,0x00000000bec80000)
 Metaspace       used 93465K, capacity 98474K, committed 98584K, reserved 1134592K
  class space    used 12244K, capacity 13251K, committed 13344K, reserved 1048576K
Event: 24.070 GC heap after
Heap after GC invocations=19 (full 4):
 PSYoungGen      total 382976K, used 0K [0x00000000e0000000, 0x0000000100000000, 0x0000000100000000)
  eden space 309248K, 0% used [0x00000000e0000000,0x00000000e0000000,0x00000000f2e00000)
  from space 73728K, 0% used [0x00000000f2e00000,0x00000000f2e00000,0x00000000f7600000)
  to   space 112128K, 0% used [0x00000000f9280000,0x00000000f9280000,0x0000000100000000)
 ParOldGen       total 770048K, used 125892K [0x00000000a0000000, 0x00000000cf000000, 0x00000000e0000000)
  object space 770048K, 16% used [0x00000000a0000000,0x00000000a7af1358,0x00000000cf000000)
 Metaspace       used 92860K, capacity 96692K, committed 98584K, reserved 1134592K
  class space    used 12054K, capacity 12914K, committed 13344K, reserved 1048576K
}
Event: 24.492 GC heap before
{Heap before GC invocations=20 (full 4):
 PSYoungGen      total 382976K, used 309248K [0x00000000e0000000, 0x0000000100000000, 0x0000000100000000)
  eden space 309248K, 100% used [0x00000000e0000000,0x00000000f2e00000,0x00000000f2e00000)
  from space 73728K, 0% used [0x00000000f2e00000,0x00000000f2e00000,0x00000000f7600000)
  to   space 112128K, 0% used [0x00000000f9280000,0x00000000f9280000,0x0000000100000000)
 ParOldGen       total 770048K, used 125892K [0x00000000a0000000, 0x00000000cf000000, 0x00000000e0000000)
  object space 770048K, 16% used [0x00000000a0000000,0x00000000a7af1358,0x00000000cf000000)
 Metaspace       used 94601K, capacity 98484K, committed 100376K, reserved 1136640K
  class space    used 12157K, capacity 12978K, committed 13344K, reserved 1048576K
Event: 24.499 GC heap after
Heap after GC invocations=20 (full 4):
 PSYoungGen      total 414208K, used 21239K [0x00000000e0000000, 0x0000000100000000, 0x0000000100000000)
  eden space 302080K, 0% used [0x00000000e0000000,0x00000000e0000000,0x00000000f2700000)
  from space 112128K, 18% used [0x00000000f9280000,0x00000000fa73de40,0x0000000100000000)
  to   space 110080K, 0% used [0x00000000f2700000,0x00000000f2700000,0x00000000f9280000)
 ParOldGen       total 770048K, used 125900K [0x00000000a0000000, 0x00000000cf000000, 0x00000000e0000000)
  object space 770048K, 16% used [0x00000000a0000000,0x00000000a7af3358,0x00000000cf000000)
 Metaspace       used 94601K, capacity 98484K, committed 100376K, reserved 1136640K
  class space    used 12157K, capacity 12978K, committed 13344K, reserved 1048576K
}

