# JRE version: OpenJDK Runtime Environment (8.0_242-b01) (build 1.8.0_242-release-1644-b01)
# Java VM: OpenJDK 64-Bit Server VM (25.242-b01 mixed mode windows-amd64 compressed oops)
Heap:
 PSYoungGen      total 393216K, used 5080K [0x00000000e0000000, 0x0000000100000000, 0x0000000100000000)
  eden space 274432K, 1% used [0x00000000e0000000,0x00000000e04f6230,0x00000000f0c00000)
  from space 118784K, 0% used [0x00000000f0c00000,0x00000000f0c00000,0x00000000f8000000)
  to   space 115712K, 0% used [0x00000000f8f00000,0x00000000f8f00000,0x0000000100000000)
 ParOldGen       total 761856K, used 135368K [0x00000000a0000000, 0x00000000ce800000, 0x00000000e0000000)
  object space 761856K, 17% used [0x00000000a0000000,0x00000000a84320f8,0x00000000ce800000)
 Metaspace       used 93544K, capacity 97468K, committed 99096K, reserved 1134592K
  class space    used 11958K, capacity 12801K, committed 13104K, reserved 1048576K
GC Heap History (10 events):
Event: 25.699 GC heap before
{Heap before GC invocations=21 (full 3):
 PSYoungGen      total 399872K, used 399400K [0x00000000e0000000, 0x0000000100000000, 0x0000000100000000)
  eden space 309248K, 100% used [0x00000000e0000000,0x00000000f2e00000,0x00000000f2e00000)
  from space 90624K, 99% used [0x00000000f2e00000,0x00000000f860a258,0x00000000f8680000)
  to   space 117760K, 0% used [0x00000000f8d00000,0x00000000f8d00000,0x0000000100000000)
 ParOldGen       total 514560K, used 150159K [0x00000000a0000000, 0x00000000bf680000, 0x00000000e0000000)
  object space 514560K, 29% used [0x00000000a0000000,0x00000000a92a3cd0,0x00000000bf680000)
 Metaspace       used 89749K, capacity 94714K, committed 95000K, reserved 1132544K
  class space    used 11583K, capacity 12567K, committed 12592K, reserved 1048576K
Event: 25.723 GC heap after
Heap after GC invocations=21 (full 3):
 PSYoungGen      total 389120K, used 91720K [0x00000000e0000000, 0x0000000100000000, 0x0000000100000000)
  eden space 271360K, 0% used [0x00000000e0000000,0x00000000e0000000,0x00000000f0900000)
  from space 117760K, 77% used [0x00000000f8d00000,0x00000000fe692160,0x0000000100000000)
  to   space 126464K, 0% used [0x00000000f0900000,0x00000000f0900000,0x00000000f8480000)
 ParOldGen       total 514560K, used 157746K [0x00000000a0000000, 0x00000000bf680000, 0x00000000e0000000)
  object space 514560K, 30% used [0x00000000a0000000,0x00000000a9a0c910,0x00000000bf680000)
 Metaspace       used 89749K, capacity 94714K, committed 95000K, reserved 1132544K
  class space    used 11583K, capacity 12567K, committed 12592K, reserved 1048576K
}
Event: 27.604 GC heap before
{Heap before GC invocations=22 (full 3):
 PSYoungGen      total 389120K, used 363080K [0x00000000e0000000, 0x0000000100000000, 0x0000000100000000)
  eden space 271360K, 100% used [0x00000000e0000000,0x00000000f0900000,0x00000000f0900000)
  from space 117760K, 77% used [0x00000000f8d00000,0x00000000fe692160,0x0000000100000000)
  to   space 126464K, 0% used [0x00000000f0900000,0x00000000f0900000,0x00000000f8480000)
 ParOldGen       total 514560K, used 157746K [0x00000000a0000000, 0x00000000bf680000, 0x00000000e0000000)
  object space 514560K, 30% used [0x00000000a0000000,0x00000000a9a0c910,0x00000000bf680000)
 Metaspace       used 90468K, capacity 95518K, committed 95640K, reserved 1132544K
  class space    used 11671K, capacity 12665K, committed 12720K, reserved 1048576K
Event: 27.626 GC heap after
Heap after GC invocations=22 (full 3):
 PSYoungGen      total 397824K, used 66279K [0x00000000e0000000, 0x0000000100000000, 0x0000000100000000)
  eden space 271360K, 0% used [0x00000000e0000000,0x00000000e0000000,0x00000000f0900000)
  from space 126464K, 52% used [0x00000000f0900000,0x00000000f49b9fc8,0x00000000f8480000)
  to   space 123392K, 0% used [0x00000000f8780000,0x00000000f8780000,0x0000000100000000)
 ParOldGen       total 514560K, used 175544K [0x00000000a0000000, 0x00000000bf680000, 0x00000000e0000000)
  object space 514560K, 34% used [0x00000000a0000000,0x00000000aab6e138,0x00000000bf680000)
 Metaspace       used 90468K, capacity 95518K, committed 95640K, reserved 1132544K
  class space    used 11671K, capacity 12665K, committed 12720K, reserved 1048576K
}
Event: 28.176 GC heap before
{Heap before GC invocations=23 (full 3):
 PSYoungGen      total 397824K, used 337639K [0x00000000e0000000, 0x0000000100000000, 0x0000000100000000)
  eden space 271360K, 100% used [0x00000000e0000000,0x00000000f0900000,0x00000000f0900000)
  from space 126464K, 52% used [0x00000000f0900000,0x00000000f49b9fc8,0x00000000f8480000)
  to   space 123392K, 0% used [0x00000000f8780000,0x00000000f8780000,0x0000000100000000)
 ParOldGen       total 514560K, used 175544K [0x00000000a0000000, 0x00000000bf680000, 0x00000000e0000000)
  object space 514560K, 34% used [0x00000000a0000000,0x00000000aab6e138,0x00000000bf680000)
 Metaspace       used 91867K, capacity 96880K, committed 97048K, reserved 1134592K
  class space    used 11837K, capacity 12796K, committed 12848K, reserved 1048576K
Event: 28.192 GC heap after
Heap after GC invocations=23 (full 3):
 PSYoungGen      total 385536K, used 60873K [0x00000000e0000000, 0x00000000ff400000, 0x0000000100000000)
  eden space 274432K, 0% used [0x00000000e0000000,0x00000000e0000000,0x00000000f0c00000)
  from space 111104K, 54% used [0x00000000f8780000,0x00000000fc2f2488,0x00000000ff400000)
  to   space 118784K, 0% used [0x00000000f0c00000,0x00000000f0c00000,0x00000000f8000000)
 ParOldGen       total 514560K, used 175552K [0x00000000a0000000, 0x00000000bf680000, 0x00000000e0000000)
  object space 514560K, 34% used [0x00000000a0000000,0x00000000aab70138,0x00000000bf680000)
 Metaspace       used 91867K, capacity 96880K, committed 97048K, reserved 1134592K
  class space    used 11837K, capacity 12796K, committed 12848K, reserved 1048576K
}
Event: 28.512 GC heap before
{Heap before GC invocations=24 (full 3):
 PSYoungGen      total 385536K, used 135469K [0x00000000e0000000, 0x00000000ff400000, 0x0000000100000000)
  eden space 274432K, 27% used [0x00000000e0000000,0x00000000e48d91a0,0x00000000f0c00000)
  from space 111104K, 54% used [0x00000000f8780000,0x00000000fc2f2488,0x00000000ff400000)
  to   space 118784K, 0% used [0x00000000f0c00000,0x00000000f0c00000,0x00000000f8000000)
 ParOldGen       total 514560K, used 175552K [0x00000000a0000000, 0x00000000bf680000, 0x00000000e0000000)
  object space 514560K, 34% used [0x00000000a0000000,0x00000000aab70138,0x00000000bf680000)
 Metaspace       used 93482K, capacity 98438K, committed 98584K, reserved 1134592K
  class space    used 12033K, capacity 13004K, committed 13104K, reserved 1048576K
Event: 28.527 GC heap after
Heap after GC invocations=24 (full 3):
 PSYoungGen      total 393216K, used 64691K [0x00000000e0000000, 0x0000000100000000, 0x0000000100000000)
  eden space 274432K, 0% used [0x00000000e0000000,0x00000000e0000000,0x00000000f0c00000)
  from space 118784K, 54% used [0x00000000f0c00000,0x00000000f4b2ccc8,0x00000000f8000000)
  to   space 115712K, 0% used [0x00000000f8f00000,0x00000000f8f00000,0x0000000100000000)
 ParOldGen       total 514560K, used 175560K [0x00000000a0000000, 0x00000000bf680000, 0x00000000e0000000)
  object space 514560K, 34% used [0x00000000a0000000,0x00000000aab72138,0x00000000bf680000)
 Metaspace       used 93482K, capacity 98438K, committed 98584K, reserved 1134592K
  class space    used 12033K, capacity 13004K, committed 13104K, reserved 1048576K
}
Event: 28.527 GC heap before
{Heap before GC invocations=25 (full 4):
 PSYoungGen      total 393216K, used 64691K [0x00000000e0000000, 0x0000000100000000, 0x0000000100000000)
  eden space 274432K, 0% used [0x00000000e0000000,0x00000000e0000000,0x00000000f0c00000)
  from space 118784K, 54% used [0x00000000f0c00000,0x00000000f4b2ccc8,0x00000000f8000000)
  to   space 115712K, 0% used [0x00000000f8f00000,0x00000000f8f00000,0x0000000100000000)
 ParOldGen       total 514560K, used 175560K [0x00000000a0000000, 0x00000000bf680000, 0x00000000e0000000)
  object space 514560K, 34% used [0x00000000a0000000,0x00000000aab72138,0x00000000bf680000)
 Metaspace       used 93482K, capacity 98438K, committed 98584K, reserved 1134592K
  class space    used 12033K, capacity 13004K, committed 13104K, reserved 1048576K
Event: 28.707 GC heap after
Heap after GC invocations=25 (full 4):
 PSYoungGen      total 393216K, used 0K [0x00000000e0000000, 0x0000000100000000, 0x0000000100000000)
  eden space 274432K, 0% used [0x00000000e0000000,0x00000000e0000000,0x00000000f0c00000)
  from space 118784K, 0% used [0x00000000f0c00000,0x00000000f0c00000,0x00000000f8000000)
  to   space 115712K, 0% used [0x00000000f8f00000,0x00000000f8f00000,0x0000000100000000)
 ParOldGen       total 761856K, used 135368K [0x00000000a0000000, 0x00000000ce800000, 0x00000000e0000000)
  object space 761856K, 17% used [0x00000000a0000000,0x00000000a84320f8,0x00000000ce800000)
 Metaspace       used 92902K, capacity 96770K, committed 98584K, reserved 1134592K
  class space    used 11855K, capacity 12688K, committed 13104K, reserved 1048576K
}

