# JRE version: OpenJDK Runtime Environment (8.0_242-b01) (build 1.8.0_242-release-1644-b01)
# Java VM: OpenJDK 64-Bit Server VM (25.242-b01 mixed mode windows-amd64 compressed oops)
Heap:
 PSYoungGen      total 376832K, used 333814K [0x00000000e0000000, 0x00000000fb200000, 0x0000000100000000)
  eden space 344576K, 96% used [0x00000000e0000000,0x00000000f45fd878,0x00000000f5080000)
  from space 32256K, 0% used [0x00000000f5080000,0x00000000f5080000,0x00000000f7000000)
  to   space 37376K, 0% used [0x00000000f8d80000,0x00000000f8d80000,0x00000000fb200000)
 ParOldGen       total 514048K, used 483857K [0x00000000a0000000, 0x00000000bf600000, 0x00000000e0000000)
  object space 514048K, 94% used [0x00000000a0000000,0x00000000bd8845e0,0x00000000bf600000)
 Metaspace       used 81775K, capacity 85782K, committed 87960K, reserved 1124352K
  class space    used 11142K, capacity 11981K, committed 12448K, reserved 1048576K
GC Heap History (10 events):
Event: 8.777 GC heap before
{Heap before GC invocations=17 (full 3):
 PSYoungGen      total 376832K, used 376811K [0x00000000e0000000, 0x00000000fb200000, 0x0000000100000000)
  eden space 344576K, 100% used [0x00000000e0000000,0x00000000f5080000,0x00000000f5080000)
  from space 32256K, 99% used [0x00000000f5080000,0x00000000f6ffad78,0x00000000f7000000)
  to   space 37376K, 0% used [0x00000000f8d80000,0x00000000f8d80000,0x00000000fb200000)
 ParOldGen       total 514048K, used 262244K [0x00000000a0000000, 0x00000000bf600000, 0x00000000e0000000)
  object space 514048K, 51% used [0x00000000a0000000,0x00000000b00191e0,0x00000000bf600000)
 Metaspace       used 81366K, capacity 86716K, committed 86808K, reserved 1124352K
  class space    used 11283K, capacity 12278K, committed 12320K, reserved 1048576K
Event: 8.856 GC heap after
Heap after GC invocations=17 (full 3):
 PSYoungGen      total 381952K, used 37354K [0x00000000e0000000, 0x00000000fb200000, 0x0000000100000000)
  eden space 344576K, 0% used [0x00000000e0000000,0x00000000e0000000,0x00000000f5080000)
  from space 37376K, 99% used [0x00000000f8d80000,0x00000000fb1fa940,0x00000000fb200000)
  to   space 32256K, 0% used [0x00000000f5080000,0x00000000f5080000,0x00000000f7000000)
 ParOldGen       total 514048K, used 438660K [0x00000000a0000000, 0x00000000bf600000, 0x00000000e0000000)
  object space 514048K, 85% used [0x00000000a0000000,0x00000000bac61100,0x00000000bf600000)
 Metaspace       used 81366K, capacity 86716K, committed 86808K, reserved 1124352K
  class space    used 11283K, capacity 12278K, committed 12320K, reserved 1048576K
}
Event: 8.856 GC heap before
{Heap before GC invocations=18 (full 4):
 PSYoungGen      total 381952K, used 37354K [0x00000000e0000000, 0x00000000fb200000, 0x0000000100000000)
  eden space 344576K, 0% used [0x00000000e0000000,0x00000000e0000000,0x00000000f5080000)
  from space 37376K, 99% used [0x00000000f8d80000,0x00000000fb1fa940,0x00000000fb200000)
  to   space 32256K, 0% used [0x00000000f5080000,0x00000000f5080000,0x00000000f7000000)
 ParOldGen       total 514048K, used 438660K [0x00000000a0000000, 0x00000000bf600000, 0x00000000e0000000)
  object space 514048K, 85% used [0x00000000a0000000,0x00000000bac61100,0x00000000bf600000)
 Metaspace       used 81366K, capacity 86716K, committed 86808K, reserved 1124352K
  class space    used 11283K, capacity 12278K, committed 12320K, reserved 1048576K
Event: 9.460 GC heap after
Heap after GC invocations=18 (full 4):
 PSYoungGen      total 381952K, used 0K [0x00000000e0000000, 0x00000000fb200000, 0x0000000100000000)
  eden space 344576K, 0% used [0x00000000e0000000,0x00000000e0000000,0x00000000f5080000)
  from space 37376K, 0% used [0x00000000f8d80000,0x00000000f8d80000,0x00000000fb200000)
  to   space 32256K, 0% used [0x00000000f5080000,0x00000000f5080000,0x00000000f7000000)
 ParOldGen       total 514048K, used 377435K [0x00000000a0000000, 0x00000000bf600000, 0x00000000e0000000)
  object space 514048K, 73% used [0x00000000a0000000,0x00000000b7096de8,0x00000000bf600000)
 Metaspace       used 80507K, capacity 84168K, committed 86808K, reserved 1124352K
  class space    used 11005K, capacity 11788K, committed 12320K, reserved 1048576K
}
Event: 10.363 GC heap before
{Heap before GC invocations=19 (full 4):
 PSYoungGen      total 381952K, used 344337K [0x00000000e0000000, 0x00000000fb200000, 0x0000000100000000)
  eden space 344576K, 99% used [0x00000000e0000000,0x00000000f50447c8,0x00000000f5080000)
  from space 37376K, 0% used [0x00000000f8d80000,0x00000000f8d80000,0x00000000fb200000)
  to   space 32256K, 0% used [0x00000000f5080000,0x00000000f5080000,0x00000000f7000000)
 ParOldGen       total 514048K, used 377435K [0x00000000a0000000, 0x00000000bf600000, 0x00000000e0000000)
  object space 514048K, 73% used [0x00000000a0000000,0x00000000b7096de8,0x00000000bf600000)
 Metaspace       used 80929K, capacity 84664K, committed 87320K, reserved 1124352K
  class space    used 11057K, capacity 11846K, committed 12320K, reserved 1048576K
Event: 10.385 GC heap after
Heap after GC invocations=19 (full 4):
 PSYoungGen      total 376832K, used 32251K [0x00000000e0000000, 0x00000000fb200000, 0x0000000100000000)
  eden space 344576K, 0% used [0x00000000e0000000,0x00000000e0000000,0x00000000f5080000)
  from space 32256K, 99% used [0x00000000f5080000,0x00000000f6ffeec8,0x00000000f7000000)
  to   space 37376K, 0% used [0x00000000f8d80000,0x00000000f8d80000,0x00000000fb200000)
 ParOldGen       total 514048K, used 393956K [0x00000000a0000000, 0x00000000bf600000, 0x00000000e0000000)
  object space 514048K, 76% used [0x00000000a0000000,0x00000000b80b9300,0x00000000bf600000)
 Metaspace       used 80929K, capacity 84664K, committed 87320K, reserved 1124352K
  class space    used 11057K, capacity 11846K, committed 12320K, reserved 1048576K
}
Event: 10.385 GC heap before
{Heap before GC invocations=20 (full 5):
 PSYoungGen      total 376832K, used 32251K [0x00000000e0000000, 0x00000000fb200000, 0x0000000100000000)
  eden space 344576K, 0% used [0x00000000e0000000,0x00000000e0000000,0x00000000f5080000)
  from space 32256K, 99% used [0x00000000f5080000,0x00000000f6ffeec8,0x00000000f7000000)
  to   space 37376K, 0% used [0x00000000f8d80000,0x00000000f8d80000,0x00000000fb200000)
 ParOldGen       total 514048K, used 393956K [0x00000000a0000000, 0x00000000bf600000, 0x00000000e0000000)
  object space 514048K, 76% used [0x00000000a0000000,0x00000000b80b9300,0x00000000bf600000)
 Metaspace       used 80929K, capacity 84664K, committed 87320K, reserved 1124352K
  class space    used 11057K, capacity 11846K, committed 12320K, reserved 1048576K
Event: 11.274 GC heap after
Heap after GC invocations=20 (full 5):
 PSYoungGen      total 376832K, used 0K [0x00000000e0000000, 0x00000000fb200000, 0x0000000100000000)
  eden space 344576K, 0% used [0x00000000e0000000,0x00000000e0000000,0x00000000f5080000)
  from space 32256K, 0% used [0x00000000f5080000,0x00000000f5080000,0x00000000f7000000)
  to   space 37376K, 0% used [0x00000000f8d80000,0x00000000f8d80000,0x00000000fb200000)
 ParOldGen       total 514048K, used 422153K [0x00000000a0000000, 0x00000000bf600000, 0x00000000e0000000)
  object space 514048K, 82% used [0x00000000a0000000,0x00000000b9c42758,0x00000000bf600000)
 Metaspace       used 80929K, capacity 84664K, committed 87320K, reserved 1124352K
  class space    used 11057K, capacity 11846K, committed 12320K, reserved 1048576K
}
Event: 11.975 GC heap before
{Heap before GC invocations=21 (full 6):
 PSYoungGen      total 376832K, used 344576K [0x00000000e0000000, 0x00000000fb200000, 0x0000000100000000)
  eden space 344576K, 100% used [0x00000000e0000000,0x00000000f5080000,0x00000000f5080000)
  from space 32256K, 0% used [0x00000000f5080000,0x00000000f5080000,0x00000000f7000000)
  to   space 37376K, 0% used [0x00000000f8d80000,0x00000000f8d80000,0x00000000fb200000)
 ParOldGen       total 514048K, used 422153K [0x00000000a0000000, 0x00000000bf600000, 0x00000000e0000000)
  object space 514048K, 82% used [0x00000000a0000000,0x00000000b9c42758,0x00000000bf600000)
 Metaspace       used 81732K, capacity 85724K, committed 87960K, reserved 1124352K
  class space    used 11140K, capacity 11982K, committed 12448K, reserved 1048576K
Event: 13.421 GC heap after
Heap after GC invocations=21 (full 6):
 PSYoungGen      total 376832K, used 0K [0x00000000e0000000, 0x00000000fb200000, 0x0000000100000000)
  eden space 344576K, 0% used [0x00000000e0000000,0x00000000e0000000,0x00000000f5080000)
  from space 32256K, 0% used [0x00000000f5080000,0x00000000f5080000,0x00000000f7000000)
  to   space 37376K, 0% used [0x00000000f8d80000,0x00000000f8d80000,0x00000000fb200000)
 ParOldGen       total 514048K, used 483857K [0x00000000a0000000, 0x00000000bf600000, 0x00000000e0000000)
  object space 514048K, 94% used [0x00000000a0000000,0x00000000bd8845e0,0x00000000bf600000)
 Metaspace       used 81726K, capacity 85706K, committed 87960K, reserved 1124352K
  class space    used 11138K, capacity 11979K, committed 12448K, reserved 1048576K
}

